{"/Users/salt-dev/Documents/weeks/weekEight/dayThree/TGViewTronic/src/app/templating.js": {"path":"/Users/salt-dev/Documents/weeks/weekEight/dayThree/TGViewTronic/src/app/templating.js","statementMap":{"0":{"start":{"line":1,"column":21},"end":{"line":28,"column":3}},"1":{"start":{"line":1,"column":37},"end":{"line":28,"column":3}},"2":{"start":{"line":30,"column":22},"end":{"line":42,"column":3}},"3":{"start":{"line":30,"column":36},"end":{"line":42,"column":3}},"4":{"start":{"line":44,"column":24},"end":{"line":50,"column":1}},"5":{"start":{"line":45,"column":20},"end":{"line":45,"column":22}},"6":{"start":{"line":46,"column":2},"end":{"line":48,"column":5}},"7":{"start":{"line":47,"column":4},"end":{"line":47,"column":38}},"8":{"start":{"line":49,"column":2},"end":{"line":49,"column":21}},"9":{"start":{"line":52,"column":27},"end":{"line":66,"column":1}},"10":{"start":{"line":53,"column":21},"end":{"line":53,"column":63}},"11":{"start":{"line":54,"column":21},"end":{"line":54,"column":59}},"12":{"start":{"line":56,"column":2},"end":{"line":60,"column":3}},"13":{"start":{"line":57,"column":4},"end":{"line":57,"column":48}},"14":{"start":{"line":59,"column":4},"end":{"line":59,"column":56}},"15":{"start":{"line":61,"column":2},"end":{"line":65,"column":3}},"16":{"start":{"line":62,"column":4},"end":{"line":62,"column":48}},"17":{"start":{"line":64,"column":4},"end":{"line":64,"column":56}}},"fnMap":{"0":{"name":"(anonymous_0)","decl":{"start":{"line":1,"column":21},"end":{"line":1,"column":22}},"loc":{"start":{"line":1,"column":37},"end":{"line":28,"column":3}},"line":1},"1":{"name":"(anonymous_1)","decl":{"start":{"line":30,"column":22},"end":{"line":30,"column":23}},"loc":{"start":{"line":30,"column":36},"end":{"line":42,"column":3}},"line":30},"2":{"name":"(anonymous_2)","decl":{"start":{"line":44,"column":24},"end":{"line":44,"column":25}},"loc":{"start":{"line":44,"column":38},"end":{"line":50,"column":1}},"line":44},"3":{"name":"(anonymous_3)","decl":{"start":{"line":46,"column":21},"end":{"line":46,"column":22}},"loc":{"start":{"line":46,"column":28},"end":{"line":48,"column":3}},"line":46},"4":{"name":"(anonymous_4)","decl":{"start":{"line":52,"column":27},"end":{"line":52,"column":28}},"loc":{"start":{"line":52,"column":43},"end":{"line":66,"column":1}},"line":52}},"branchMap":{"0":{"loc":{"start":{"line":56,"column":2},"end":{"line":60,"column":3}},"type":"if","locations":[{"start":{"line":56,"column":2},"end":{"line":60,"column":3}},{"start":{"line":58,"column":9},"end":{"line":60,"column":3}}],"line":56},"1":{"loc":{"start":{"line":61,"column":2},"end":{"line":65,"column":3}},"type":"if","locations":[{"start":{"line":61,"column":2},"end":{"line":65,"column":3}},{"start":{"line":63,"column":9},"end":{"line":65,"column":3}}],"line":61}},"s":{"0":1,"1":1,"2":1,"3":0,"4":1,"5":0,"6":0,"7":0,"8":0,"9":1,"10":0,"11":0,"12":0,"13":0,"14":0,"15":0,"16":0,"17":0},"f":{"0":1,"1":0,"2":0,"3":0,"4":0},"b":{"0":[0,0],"1":[0,0]},"_coverageSchema":"1a1c01bbd47fc00a2c39e90264f33305004495a9","hash":"1e8c8612efe228ae3c3acc8da8bc8c7466847004"}
}
