{"/Users/salt-dev/Salt/week7/TGViewTronic/TGViewTronic/src/app/api.js": {"path":"/Users/salt-dev/Salt/week7/TGViewTronic/TGViewTronic/src/app/api.js","statementMap":{"0":{"start":{"line":1,"column":15},"end":{"line":1,"column":58}},"1":{"start":{"line":2,"column":21},"end":{"line":24,"column":1}},"2":{"start":{"line":3,"column":17},"end":{"line":7,"column":3}},"3":{"start":{"line":9,"column":17},"end":{"line":17,"column":3}},"4":{"start":{"line":19,"column":2},"end":{"line":21,"column":3}},"5":{"start":{"line":19,"column":15},"end":{"line":19,"column":16}},"6":{"start":{"line":20,"column":4},"end":{"line":20,"column":32}},"7":{"start":{"line":23,"column":2},"end":{"line":23,"column":16}},"8":{"start":{"line":26,"column":20},"end":{"line":30,"column":1}},"9":{"start":{"line":27,"column":14},"end":{"line":27,"column":140}},"10":{"start":{"line":28,"column":17},"end":{"line":28,"column":33}},"11":{"start":{"line":29,"column":2},"end":{"line":29,"column":16}},"12":{"start":{"line":32,"column":17},"end":{"line":34,"column":16}}},"fnMap":{"0":{"name":"(anonymous_0)","decl":{"start":{"line":2,"column":21},"end":{"line":2,"column":22}},"loc":{"start":{"line":2,"column":35},"end":{"line":24,"column":1}},"line":2},"1":{"name":"(anonymous_1)","decl":{"start":{"line":26,"column":20},"end":{"line":26,"column":21}},"loc":{"start":{"line":26,"column":48},"end":{"line":30,"column":1}},"line":26}},"branchMap":{"0":{"loc":{"start":{"line":32,"column":17},"end":{"line":34,"column":16}},"type":"cond-expr","locations":[{"start":{"line":33,"column":4},"end":{"line":33,"column":15}},{"start":{"line":34,"column":4},"end":{"line":34,"column":16}}],"line":32}},"s":{"0":1,"1":1,"2":0,"3":0,"4":0,"5":0,"6":0,"7":0,"8":1,"9":0,"10":0,"11":0,"12":1},"f":{"0":0,"1":0},"b":{"0":[0,1]},"_coverageSchema":"1a1c01bbd47fc00a2c39e90264f33305004495a9","hash":"86b91156b8bf8580ea99ef7731f19f78e568732e"}
,"/Users/salt-dev/Salt/week7/TGViewTronic/TGViewTronic/src/app/search.js": {"path":"/Users/salt-dev/Salt/week7/TGViewTronic/TGViewTronic/src/app/search.js","statementMap":{"0":{"start":{"line":4,"column":22},"end":{"line":18,"column":1}},"1":{"start":{"line":5,"column":24},"end":{"line":5,"column":43}},"2":{"start":{"line":6,"column":22},"end":{"line":6,"column":51}},"3":{"start":{"line":7,"column":2},"end":{"line":13,"column":3}},"4":{"start":{"line":8,"column":4},"end":{"line":8,"column":34}},"5":{"start":{"line":9,"column":4},"end":{"line":11,"column":5}},"6":{"start":{"line":10,"column":6},"end":{"line":10,"column":26}},"7":{"start":{"line":12,"column":4},"end":{"line":12,"column":45}},"8":{"start":{"line":15,"column":2},"end":{"line":15,"column":39}},"9":{"start":{"line":16,"column":2},"end":{"line":16,"column":32}},"10":{"start":{"line":17,"column":2},"end":{"line":17,"column":36}},"11":{"start":{"line":20,"column":25},"end":{"line":26,"column":1}},"12":{"start":{"line":21,"column":16},"end":{"line":21,"column":18}},"13":{"start":{"line":22,"column":2},"end":{"line":24,"column":4}},"14":{"start":{"line":23,"column":4},"end":{"line":23,"column":92}},"15":{"start":{"line":25,"column":2},"end":{"line":25,"column":17}},"16":{"start":{"line":29,"column":22},"end":{"line":53,"column":1}},"17":{"start":{"line":30,"column":23},"end":{"line":30,"column":64}},"18":{"start":{"line":31,"column":22},"end":{"line":31,"column":62}},"19":{"start":{"line":33,"column":2},"end":{"line":52,"column":5}},"20":{"start":{"line":34,"column":23},"end":{"line":34,"column":40}},"21":{"start":{"line":35,"column":19},"end":{"line":35,"column":48}},"22":{"start":{"line":36,"column":28},"end":{"line":41,"column":5}},"23":{"start":{"line":42,"column":4},"end":{"line":48,"column":7}},"24":{"start":{"line":43,"column":6},"end":{"line":47,"column":9}},"25":{"start":{"line":49,"column":4},"end":{"line":49,"column":67}},"26":{"start":{"line":51,"column":4},"end":{"line":51,"column":35}}},"fnMap":{"0":{"name":"(anonymous_0)","decl":{"start":{"line":4,"column":22},"end":{"line":4,"column":23}},"loc":{"start":{"line":4,"column":73},"end":{"line":18,"column":1}},"line":4},"1":{"name":"(anonymous_1)","decl":{"start":{"line":20,"column":25},"end":{"line":20,"column":26}},"loc":{"start":{"line":20,"column":36},"end":{"line":26,"column":1}},"line":20},"2":{"name":"(anonymous_2)","decl":{"start":{"line":22,"column":16},"end":{"line":22,"column":17}},"loc":{"start":{"line":22,"column":29},"end":{"line":24,"column":3}},"line":22},"3":{"name":"(anonymous_3)","decl":{"start":{"line":29,"column":22},"end":{"line":29,"column":23}},"loc":{"start":{"line":29,"column":39},"end":{"line":53,"column":1}},"line":29},"4":{"name":"(anonymous_4)","decl":{"start":{"line":33,"column":41},"end":{"line":33,"column":42}},"loc":{"start":{"line":33,"column":53},"end":{"line":52,"column":3}},"line":33},"5":{"name":"(anonymous_5)","decl":{"start":{"line":42,"column":27},"end":{"line":42,"column":28}},"loc":{"start":{"line":42,"column":35},"end":{"line":48,"column":5}},"line":42}},"branchMap":{"0":{"loc":{"start":{"line":7,"column":2},"end":{"line":13,"column":3}},"type":"if","locations":[{"start":{"line":7,"column":2},"end":{"line":13,"column":3}},{"start":{},"end":{}}],"line":7},"1":{"loc":{"start":{"line":9,"column":4},"end":{"line":11,"column":5}},"type":"if","locations":[{"start":{"line":9,"column":4},"end":{"line":11,"column":5}},{"start":{},"end":{}}],"line":9}},"s":{"0":1,"1":4,"2":4,"3":4,"4":2,"5":2,"6":1,"7":2,"8":2,"9":2,"10":2,"11":1,"12":2,"13":2,"14":2,"15":2,"16":1,"17":0,"18":0,"19":0,"20":0,"21":0,"22":0,"23":0,"24":0,"25":0,"26":0},"f":{"0":4,"1":2,"2":2,"3":0,"4":0,"5":0},"b":{"0":[2,2],"1":[1,1]},"_coverageSchema":"1a1c01bbd47fc00a2c39e90264f33305004495a9","hash":"63bfe1eb13908cfd20e04863ece820997351cb91"}
,"/Users/salt-dev/Salt/week7/TGViewTronic/TGViewTronic/src/app/templating.js": {"path":"/Users/salt-dev/Salt/week7/TGViewTronic/TGViewTronic/src/app/templating.js","statementMap":{"0":{"start":{"line":1,"column":21},"end":{"line":28,"column":3}},"1":{"start":{"line":1,"column":37},"end":{"line":28,"column":3}},"2":{"start":{"line":30,"column":22},"end":{"line":42,"column":3}},"3":{"start":{"line":30,"column":36},"end":{"line":42,"column":3}},"4":{"start":{"line":44,"column":24},"end":{"line":50,"column":1}},"5":{"start":{"line":45,"column":20},"end":{"line":45,"column":22}},"6":{"start":{"line":46,"column":2},"end":{"line":48,"column":5}},"7":{"start":{"line":47,"column":4},"end":{"line":47,"column":38}},"8":{"start":{"line":49,"column":2},"end":{"line":49,"column":21}},"9":{"start":{"line":52,"column":27},"end":{"line":66,"column":1}},"10":{"start":{"line":53,"column":21},"end":{"line":53,"column":63}},"11":{"start":{"line":54,"column":21},"end":{"line":54,"column":59}},"12":{"start":{"line":56,"column":2},"end":{"line":60,"column":3}},"13":{"start":{"line":57,"column":4},"end":{"line":57,"column":48}},"14":{"start":{"line":59,"column":4},"end":{"line":59,"column":56}},"15":{"start":{"line":61,"column":2},"end":{"line":65,"column":3}},"16":{"start":{"line":62,"column":4},"end":{"line":62,"column":48}},"17":{"start":{"line":64,"column":4},"end":{"line":64,"column":56}}},"fnMap":{"0":{"name":"(anonymous_0)","decl":{"start":{"line":1,"column":21},"end":{"line":1,"column":22}},"loc":{"start":{"line":1,"column":37},"end":{"line":28,"column":3}},"line":1},"1":{"name":"(anonymous_1)","decl":{"start":{"line":30,"column":22},"end":{"line":30,"column":23}},"loc":{"start":{"line":30,"column":36},"end":{"line":42,"column":3}},"line":30},"2":{"name":"(anonymous_2)","decl":{"start":{"line":44,"column":24},"end":{"line":44,"column":25}},"loc":{"start":{"line":44,"column":38},"end":{"line":50,"column":1}},"line":44},"3":{"name":"(anonymous_3)","decl":{"start":{"line":46,"column":21},"end":{"line":46,"column":22}},"loc":{"start":{"line":46,"column":28},"end":{"line":48,"column":3}},"line":46},"4":{"name":"(anonymous_4)","decl":{"start":{"line":52,"column":27},"end":{"line":52,"column":28}},"loc":{"start":{"line":52,"column":43},"end":{"line":66,"column":1}},"line":52}},"branchMap":{"0":{"loc":{"start":{"line":56,"column":2},"end":{"line":60,"column":3}},"type":"if","locations":[{"start":{"line":56,"column":2},"end":{"line":60,"column":3}},{"start":{"line":58,"column":9},"end":{"line":60,"column":3}}],"line":56},"1":{"loc":{"start":{"line":61,"column":2},"end":{"line":65,"column":3}},"type":"if","locations":[{"start":{"line":61,"column":2},"end":{"line":65,"column":3}},{"start":{"line":63,"column":9},"end":{"line":65,"column":3}}],"line":61}},"s":{"0":2,"1":1,"2":2,"3":0,"4":2,"5":0,"6":0,"7":0,"8":0,"9":2,"10":0,"11":0,"12":0,"13":0,"14":0,"15":0,"16":0,"17":0},"f":{"0":1,"1":0,"2":0,"3":0,"4":0},"b":{"0":[0,0],"1":[0,0]},"_coverageSchema":"1a1c01bbd47fc00a2c39e90264f33305004495a9","hash":"2414890cad1ccf501f067efb9159ff9f76f974c4"}
}
